<test-run id="2" duration="6.302468" testcasecount="2" total="2" passed="2" failed="0" inconclusive="0" skipped="0" result="Passed" start-time="2022-04-14T 10:13:18Z" end-time="2022-04-14T 10:13:25Z">
  <test-suite type="Assembly" name="uk.co.edgewords.webdrivernunitdemo.dll" fullname="c:\Users\StevePowell\source\repos\uk.co.edgewords.webdrivernunitdemo\uk.co.edgewords.webdrivernunitdemo\bin\Debug\net6.0\uk.co.edgewords.webdrivernunitdemo.dll" total="2" passed="2" failed="0" inconclusive="0" skipped="0" result="Passed" start-time="2022-04-14T 10:13:19Z" end-time="2022-04-14T 10:13:25Z" duration="6.302468">
    <test-suite type="TestSuite" name="uk" fullname="uk" total="2" passed="2" failed="0" inconclusive="0" skipped="0" result="Passed" start-time="2022-04-14T 10:13:19Z" end-time="2022-04-14T 10:13:25Z" duration="6.302468">
      <test-suite type="TestSuite" name="co" fullname="uk.co" total="2" passed="2" failed="0" inconclusive="0" skipped="0" result="Passed" start-time="2022-04-14T 10:13:19Z" end-time="2022-04-14T 10:13:25Z" duration="6.302468">
        <test-suite type="TestSuite" name="edgewords" fullname="uk.co.edgewords" total="2" passed="2" failed="0" inconclusive="0" skipped="0" result="Passed" start-time="2022-04-14T 10:13:19Z" end-time="2022-04-14T 10:13:25Z" duration="6.302468">
          <test-suite type="TestSuite" name="webdrivernunitdemo" fullname="uk.co.edgewords.webdrivernunitdemo" total="2" passed="2" failed="0" inconclusive="0" skipped="0" result="Passed" start-time="2022-04-14T 10:13:19Z" end-time="2022-04-14T 10:13:25Z" duration="6.302468">
            <test-suite type="TestSuite" name="Test_Cases" fullname="uk.co.edgewords.webdrivernunitdemo.Test_Cases" total="2" passed="2" failed="0" inconclusive="0" skipped="0" result="Passed" start-time="2022-04-14T 10:13:19Z" end-time="2022-04-14T 10:13:25Z" duration="6.302468">
              <test-suite type="TestFixture" name="FirstTests" fullname="uk.co.edgewords.webdrivernunitdemo.Test_Cases.FirstTests" classname="uk.co.edgewords.webdrivernunitdemo.Test_Cases.FirstTests" total="1" passed="1" failed="0" inconclusive="0" skipped="0" result="Passed" start-time="2022-04-14T 10:13:19Z" end-time="2022-04-14T 10:13:22Z" duration="3.669327">
                <test-case name="DragDropTest" fullname="uk.co.edgewords.webdrivernunitdemo.Test_Cases.FirstTests.DragDropTest" methodname="DragDropTest" classname="FirstTests" result="Passed" start-time="2022-04-14T 10:13:19Z" end-time="2022-04-14T 10:13:22Z" duration="3.669327" asserts="0" seed="2065162229">
                  <properties>
                    <property name="Category" value="Smoke" />
                  </properties>
                </test-case>
              </test-suite>
              <test-suite type="TestFixture" name="FormTestTest" fullname="uk.co.edgewords.webdrivernunitdemo.Test_Cases.FormTestTest" classname="uk.co.edgewords.webdrivernunitdemo.Test_Cases.FormTestTest" total="1" passed="1" failed="0" inconclusive="0" skipped="0" result="Passed" start-time="2022-04-14T 10:13:22Z" end-time="2022-04-14T 10:13:25Z" duration="2.633141">
                <test-case name="formTest" fullname="uk.co.edgewords.webdrivernunitdemo.Test_Cases.FormTestTest.formTest" methodname="formTest" classname="FormTestTest" result="Passed" start-time="2022-04-14T 10:13:22Z" end-time="2022-04-14T 10:13:25Z" duration="2.633141" asserts="0" seed="2045891666">
                  <properties>
                    <property name="Category" value="Smoke" />
                  </properties>
                </test-case>
              </test-suite>
            </test-suite>
          </test-suite>
        </test-suite>
      </test-suite>
    </test-suite>
    <errors />
  </test-suite>
</test-run>